<?xml version="1.0" encoding="utf-8"?>
<TestRun id="5770b0a9-5eff-4e8d-86e7-08306f34ebf3" name="muham@DESKTOP-VLT1FDS 2023-01-07 16:34:33" runUser="DESKTOP-VLT1FDS\muham" xmlns="http://microsoft.com/schemas/VisualStudio/TeamTest/2010">
  <Times creation="2023-01-07T16:34:33.6084000+05:00" queuing="2023-01-07T16:34:33.6084000+05:00" start="2023-01-07T16:34:18.1298825+05:00" finish="2023-01-07T16:35:22.3992503+05:00" />
  <TestSettings name="default" id="acfe2268-9281-402c-b5b4-e5a3f7563ecc">
    <Deployment runDeploymentRoot="muham_DESKTOP-VLT1FDS_2023-01-07_16_34_33" />
  </TestSettings>
  <Results>
    <UnitTestResult executionId="1ca8433b-f3b7-4f4c-9722-07dd3787ccf2" testId="89fe42b8-35a0-401f-9252-94715dd97b15" testName="LoginWithValidUsernamePasswordTC_001 (Data Row 0)" computerName="DESKTOP-VLT1FDS" duration="00:00:08.8785661" startTime="2023-01-07T16:34:33.5934087+05:00" endTime="2023-01-07T16:34:42.4839532+05:00" testType="13cdc9d9-ddb5-4fa4-a97d-d965ccfc6d4b" outcome="Passed" testListId="8c84fa94-04c1-424b-9868-57a2d4851a1d" relativeResultsDirectory="1ca8433b-f3b7-4f4c-9722-07dd3787ccf2" />
    <UnitTestResult executionId="5b3251bb-cb22-4b6d-a197-4e7d1f119196" testId="bf33471a-9ad0-4dcf-befb-8a49126a351b" testName="OpenNewAccountTC_001 (Data Row 0)" computerName="DESKTOP-VLT1FDS" duration="00:00:09.4957341" startTime="2023-01-07T16:34:48.5385929+05:00" endTime="2023-01-07T16:34:58.0416012+05:00" testType="13cdc9d9-ddb5-4fa4-a97d-d965ccfc6d4b" outcome="Failed" testListId="8c84fa94-04c1-424b-9868-57a2d4851a1d" relativeResultsDirectory="5b3251bb-cb22-4b6d-a197-4e7d1f119196">
      <Output>
        <ErrorInfo>
          <Message>Test method ParaBank_Automation.OpenNewAccountTestExecution.OpenNewAccountTC_001 threw exception: &#xD;
OpenQA.Selenium.NoSuchElementException: Cannot locate element with text: 14343</Message>
          <StackTrace>    at OpenQA.Selenium.Support.UI.SelectElement.SelectByText(String text, Boolean partialMatch)&#xD;
   at ParaBank_Automation.CorePage.SelectDropDownMenu(By locator, String value) in C:\Users\muham\source\repos\ParaBank_Automation\ParaBank_Automation\CorePage.cs:line 55&#xD;
   at ParaBank_Automation.OpenNewAccountPage.OpenNewAccount(String typeValue, String accountId, String expectedtext) in C:\Users\muham\source\repos\ParaBank_Automation\ParaBank_Automation\ParaBank\OpenNewAccountPage\OpenNewAccountPage.cs:line 21&#xD;
   at ParaBank_Automation.OpenNewAccountTestExecution.OpenNewAccountTC_001() in C:\Users\muham\source\repos\ParaBank_Automation\ParaBank_Automation\ParaBank\OpenNewAccountPage\OpenNewAccountTestExecution.cs:line 61&#xD;
</StackTrace>
        </ErrorInfo>
      </Output>
    </UnitTestResult>
    <UnitTestResult executionId="283848c3-76e2-4af4-93fd-b8997a4f8c14" testId="22bd04fb-18f1-4450-9dd5-ad678c37fd8c" testName="RegisterWithEmptyDetailsTC_002 (Data Row 0)" computerName="DESKTOP-VLT1FDS" duration="00:00:06.8713440" startTime="2023-01-07T16:35:07.4819947+05:00" endTime="2023-01-07T16:35:14.3593049+05:00" testType="13cdc9d9-ddb5-4fa4-a97d-d965ccfc6d4b" outcome="Passed" testListId="8c84fa94-04c1-424b-9868-57a2d4851a1d" relativeResultsDirectory="283848c3-76e2-4af4-93fd-b8997a4f8c14" />
    <UnitTestResult executionId="93dd4a0d-20d4-4e95-ac49-d8c5324e7ded" testId="8182c866-42e0-4919-a534-63c41a0df4b0" testName="RegisterWithValidDetailsTC_001 (Data Row 0)" computerName="DESKTOP-VLT1FDS" duration="00:00:09.4306168" startTime="2023-01-07T16:34:58.0416012+05:00" endTime="2023-01-07T16:35:07.4819947+05:00" testType="13cdc9d9-ddb5-4fa4-a97d-d965ccfc6d4b" outcome="Failed" testListId="8c84fa94-04c1-424b-9868-57a2d4851a1d" relativeResultsDirectory="93dd4a0d-20d4-4e95-ac49-d8c5324e7ded">
      <Output>
        <ErrorInfo>
          <Message>Test method ParaBank_Automation.RegisterTestExecution.RegisterWithValidDetailsTC_001 threw exception: &#xD;
OpenQA.Selenium.NoSuchElementException: no such element: Unable to locate element: {"method":"link text","selector":"Log Out"}
  (Session info: chrome=108.0.5359.125)</Message>
          <StackTrace>    at OpenQA.Selenium.WebDriver.UnpackAndThrowOnError(Response errorResponse, String commandToExecute)&#xD;
   at OpenQA.Selenium.WebDriver.Execute(String driverCommandToExecute, Dictionary`2 parameters)&#xD;
   at OpenQA.Selenium.WebDriver.FindElement(String mechanism, String value)&#xD;
   at OpenQA.Selenium.By.&lt;.ctor&gt;b__11_0(ISearchContext context)&#xD;
   at OpenQA.Selenium.By.FindElement(ISearchContext context)&#xD;
   at OpenQA.Selenium.WebDriver.FindElement(By by)&#xD;
   at ParaBank_Automation.CorePage.AssertEqual(By locator, String expectedtext) in C:\Users\muham\source\repos\ParaBank_Automation\ParaBank_Automation\CorePage.cs:line 47&#xD;
   at ParaBank_Automation.RegisterPage.Register(String firstName, String lastName, String address, String city, String state, String zipCode, String phone, String ssn, String userName, String password, String confirm, String TextExpected) in C:\Users\muham\source\repos\ParaBank_Automation\ParaBank_Automation\ParaBank\RegisterPage\RegisterPage.cs:line 59&#xD;
   at ParaBank_Automation.RegisterTestExecution.RegisterWithValidDetailsTC_001() in C:\Users\muham\source\repos\ParaBank_Automation\ParaBank_Automation\ParaBank\RegisterPage\RegisterTestExecution.cs:line 65&#xD;
</StackTrace>
        </ErrorInfo>
      </Output>
    </UnitTestResult>
    <UnitTestResult executionId="91369df2-50a5-4484-8160-1c03378a0bf5" testId="bbd2d532-9f7f-4e03-a701-3035ae99f94a" testName="RegisterWithNotMatchPasswordsDetailsTC_004 (Data Row 0)" computerName="DESKTOP-VLT1FDS" duration="00:00:07.7394787" startTime="2023-01-07T16:35:14.3593049+05:00" endTime="2023-01-07T16:35:22.1080895+05:00" testType="13cdc9d9-ddb5-4fa4-a97d-d965ccfc6d4b" outcome="Passed" testListId="8c84fa94-04c1-424b-9868-57a2d4851a1d" relativeResultsDirectory="91369df2-50a5-4484-8160-1c03378a0bf5" />
    <UnitTestResult executionId="9eade19c-0766-4e57-8ba8-1aa9af7131d7" testId="e58efd44-9016-490e-bfac-bd9b3c7098b2" testName="AccountsOverviewTC_001 (Data Row 0)" computerName="DESKTOP-VLT1FDS" duration="00:00:11.6003670" startTime="2023-01-07T16:34:20.2623956+05:00" endTime="2023-01-07T16:34:33.5384407+05:00" testType="13cdc9d9-ddb5-4fa4-a97d-d965ccfc6d4b" outcome="Failed" testListId="8c84fa94-04c1-424b-9868-57a2d4851a1d" relativeResultsDirectory="9eade19c-0766-4e57-8ba8-1aa9af7131d7">
      <Output>
        <ErrorInfo>
          <Message>Test method ParaBank_Automation.AccountsOverviewTestExecution.AccountsOverviewTC_001 threw exception: &#xD;
OpenQA.Selenium.NoSuchElementException: no such element: Unable to locate element: {"method":"link text","selector":"14343"}
  (Session info: chrome=108.0.5359.125)</Message>
          <StackTrace>    at OpenQA.Selenium.WebDriver.UnpackAndThrowOnError(Response errorResponse, String commandToExecute)&#xD;
   at OpenQA.Selenium.WebDriver.Execute(String driverCommandToExecute, Dictionary`2 parameters)&#xD;
   at OpenQA.Selenium.WebDriver.FindElement(String mechanism, String value)&#xD;
   at OpenQA.Selenium.By.&lt;.ctor&gt;b__11_0(ISearchContext context)&#xD;
   at OpenQA.Selenium.By.FindElement(ISearchContext context)&#xD;
   at OpenQA.Selenium.WebDriver.FindElement(By by)&#xD;
   at ParaBank_Automation.CorePage.Click(By locator) in C:\Users\muham\source\repos\ParaBank_Automation\ParaBank_Automation\CorePage.cs:line 42&#xD;
   at ParaBank_Automation.AccountsOverviewPage.AccountsOverview(String monthValue, String typeValue, String expectedtext) in C:\Users\muham\source\repos\ParaBank_Automation\ParaBank_Automation\ParaBank\AccountsOverviewPage\AccountsOverviewPage.cs:line 21&#xD;
   at ParaBank_Automation.AccountsOverviewTestExecution.AccountsOverviewTC_001() in C:\Users\muham\source\repos\ParaBank_Automation\ParaBank_Automation\ParaBank\AccountsOverviewPage\AccountsOverviewTestExecution.cs:line 56&#xD;
</StackTrace>
        </ErrorInfo>
      </Output>
    </UnitTestResult>
    <UnitTestResult executionId="5479783f-6afe-4903-ad75-93b48910d9d8" testId="daca0ada-0d0c-44c3-bde1-3f7ef3710350" testName="LoginWithEmptyUsernamePasswordTC_003 (Data Row 0)" computerName="DESKTOP-VLT1FDS" duration="00:00:06.0481633" startTime="2023-01-07T16:34:42.4839532+05:00" endTime="2023-01-07T16:34:48.5375906+05:00" testType="13cdc9d9-ddb5-4fa4-a97d-d965ccfc6d4b" outcome="Passed" testListId="8c84fa94-04c1-424b-9868-57a2d4851a1d" relativeResultsDirectory="5479783f-6afe-4903-ad75-93b48910d9d8" />
  </Results>
  <TestDefinitions>
    <UnitTest name="OpenNewAccountTC_001 (Data Row 0)" storage="c:\users\muham\source\repos\parabank_automation\parabank_automation\bin\debug\parabank_automation.dll" id="bf33471a-9ad0-4dcf-befb-8a49126a351b">
      <Owners>
        <Owner name="Zaeem" />
      </Owners>
      <TestCategory>
        <TestCategoryItem TestCategory="OpenNewAccount" />
        <TestCategoryItem TestCategory="Positive" />
      </TestCategory>
      <Execution id="5b3251bb-cb22-4b6d-a197-4e7d1f119196" />
      <TestMethod codeBase="C:\Users\muham\source\repos\ParaBank_Automation\ParaBank_Automation\bin\Debug\ParaBank_Automation.dll" adapterTypeName="executor://mstestadapter/v2" className="ParaBank_Automation.OpenNewAccountTestExecution" name="OpenNewAccountTC_001" />
    </UnitTest>
    <UnitTest name="AccountsOverviewTC_001 (Data Row 0)" storage="c:\users\muham\source\repos\parabank_automation\parabank_automation\bin\debug\parabank_automation.dll" id="e58efd44-9016-490e-bfac-bd9b3c7098b2">
      <Owners>
        <Owner name="Zaeem" />
      </Owners>
      <TestCategory>
        <TestCategoryItem TestCategory="AccountsOverview" />
        <TestCategoryItem TestCategory="Positive" />
      </TestCategory>
      <Execution id="9eade19c-0766-4e57-8ba8-1aa9af7131d7" />
      <TestMethod codeBase="C:\Users\muham\source\repos\ParaBank_Automation\ParaBank_Automation\bin\Debug\ParaBank_Automation.dll" adapterTypeName="executor://mstestadapter/v2" className="ParaBank_Automation.AccountsOverviewTestExecution" name="AccountsOverviewTC_001" />
    </UnitTest>
    <UnitTest name="RegisterWithNotMatchPasswordsDetailsTC_004 (Data Row 0)" storage="c:\users\muham\source\repos\parabank_automation\parabank_automation\bin\debug\parabank_automation.dll" id="bbd2d532-9f7f-4e03-a701-3035ae99f94a">
      <Owners>
        <Owner name="Tabish" />
      </Owners>
      <TestCategory>
        <TestCategoryItem TestCategory="Register" />
        <TestCategoryItem TestCategory="Negative" />
      </TestCategory>
      <Execution id="91369df2-50a5-4484-8160-1c03378a0bf5" />
      <TestMethod codeBase="C:\Users\muham\source\repos\ParaBank_Automation\ParaBank_Automation\bin\Debug\ParaBank_Automation.dll" adapterTypeName="executor://mstestadapter/v2" className="ParaBank_Automation.RegisterTestExecution" name="RegisterWithNotMatchPasswordsDetailsTC_004" />
    </UnitTest>
    <UnitTest name="RegisterWithEmptyDetailsTC_002 (Data Row 0)" storage="c:\users\muham\source\repos\parabank_automation\parabank_automation\bin\debug\parabank_automation.dll" id="22bd04fb-18f1-4450-9dd5-ad678c37fd8c">
      <Owners>
        <Owner name="Tabish" />
      </Owners>
      <TestCategory>
        <TestCategoryItem TestCategory="Register" />
        <TestCategoryItem TestCategory="Negative" />
      </TestCategory>
      <Execution id="283848c3-76e2-4af4-93fd-b8997a4f8c14" />
      <TestMethod codeBase="C:\Users\muham\source\repos\ParaBank_Automation\ParaBank_Automation\bin\Debug\ParaBank_Automation.dll" adapterTypeName="executor://mstestadapter/v2" className="ParaBank_Automation.RegisterTestExecution" name="RegisterWithEmptyDetailsTC_002" />
    </UnitTest>
    <UnitTest name="RegisterWithValidDetailsTC_001 (Data Row 0)" storage="c:\users\muham\source\repos\parabank_automation\parabank_automation\bin\debug\parabank_automation.dll" id="8182c866-42e0-4919-a534-63c41a0df4b0">
      <Owners>
        <Owner name="Tabish" />
      </Owners>
      <TestCategory>
        <TestCategoryItem TestCategory="Register" />
        <TestCategoryItem TestCategory="Positive" />
      </TestCategory>
      <Execution id="93dd4a0d-20d4-4e95-ac49-d8c5324e7ded" />
      <TestMethod codeBase="C:\Users\muham\source\repos\ParaBank_Automation\ParaBank_Automation\bin\Debug\ParaBank_Automation.dll" adapterTypeName="executor://mstestadapter/v2" className="ParaBank_Automation.RegisterTestExecution" name="RegisterWithValidDetailsTC_001" />
    </UnitTest>
    <UnitTest name="LoginWithEmptyUsernamePasswordTC_003 (Data Row 0)" storage="c:\users\muham\source\repos\parabank_automation\parabank_automation\bin\debug\parabank_automation.dll" id="daca0ada-0d0c-44c3-bde1-3f7ef3710350">
      <Owners>
        <Owner name="Tabish" />
      </Owners>
      <TestCategory>
        <TestCategoryItem TestCategory="Login" />
        <TestCategoryItem TestCategory="Negative" />
      </TestCategory>
      <Execution id="5479783f-6afe-4903-ad75-93b48910d9d8" />
      <TestMethod codeBase="C:\Users\muham\source\repos\ParaBank_Automation\ParaBank_Automation\bin\Debug\ParaBank_Automation.dll" adapterTypeName="executor://mstestadapter/v2" className="ParaBank_Automation.LoginTestExecution" name="LoginWithEmptyUsernamePasswordTC_003" />
    </UnitTest>
    <UnitTest name="LoginWithValidUsernamePasswordTC_001 (Data Row 0)" storage="c:\users\muham\source\repos\parabank_automation\parabank_automation\bin\debug\parabank_automation.dll" id="89fe42b8-35a0-401f-9252-94715dd97b15">
      <Owners>
        <Owner name="Tabish" />
      </Owners>
      <TestCategory>
        <TestCategoryItem TestCategory="Login" />
        <TestCategoryItem TestCategory="Positive" />
      </TestCategory>
      <Execution id="1ca8433b-f3b7-4f4c-9722-07dd3787ccf2" />
      <TestMethod codeBase="C:\Users\muham\source\repos\ParaBank_Automation\ParaBank_Automation\bin\Debug\ParaBank_Automation.dll" adapterTypeName="executor://mstestadapter/v2" className="ParaBank_Automation.LoginTestExecution" name="LoginWithValidUsernamePasswordTC_001" />
    </UnitTest>
  </TestDefinitions>
  <TestEntries>
    <TestEntry testId="89fe42b8-35a0-401f-9252-94715dd97b15" executionId="1ca8433b-f3b7-4f4c-9722-07dd3787ccf2" testListId="8c84fa94-04c1-424b-9868-57a2d4851a1d" />
    <TestEntry testId="bf33471a-9ad0-4dcf-befb-8a49126a351b" executionId="5b3251bb-cb22-4b6d-a197-4e7d1f119196" testListId="8c84fa94-04c1-424b-9868-57a2d4851a1d" />
    <TestEntry testId="22bd04fb-18f1-4450-9dd5-ad678c37fd8c" executionId="283848c3-76e2-4af4-93fd-b8997a4f8c14" testListId="8c84fa94-04c1-424b-9868-57a2d4851a1d" />
    <TestEntry testId="8182c866-42e0-4919-a534-63c41a0df4b0" executionId="93dd4a0d-20d4-4e95-ac49-d8c5324e7ded" testListId="8c84fa94-04c1-424b-9868-57a2d4851a1d" />
    <TestEntry testId="bbd2d532-9f7f-4e03-a701-3035ae99f94a" executionId="91369df2-50a5-4484-8160-1c03378a0bf5" testListId="8c84fa94-04c1-424b-9868-57a2d4851a1d" />
    <TestEntry testId="e58efd44-9016-490e-bfac-bd9b3c7098b2" executionId="9eade19c-0766-4e57-8ba8-1aa9af7131d7" testListId="8c84fa94-04c1-424b-9868-57a2d4851a1d" />
    <TestEntry testId="daca0ada-0d0c-44c3-bde1-3f7ef3710350" executionId="5479783f-6afe-4903-ad75-93b48910d9d8" testListId="8c84fa94-04c1-424b-9868-57a2d4851a1d" />
  </TestEntries>
  <TestLists>
    <TestList name="Results Not in a List" id="8c84fa94-04c1-424b-9868-57a2d4851a1d" />
    <TestList name="All Loaded Results" id="19431567-8539-422a-85d7-44ee4e166bda" />
  </TestLists>
  <ResultSummary outcome="Failed">
    <Counters total="7" executed="7" passed="4" failed="3" error="0" timeout="0" aborted="0" inconclusive="0" passedButRunAborted="0" notRunnable="0" notExecuted="0" disconnected="0" warning="0" completed="0" inProgress="0" pending="0" />
  </ResultSummary>
</TestRun>